2025-04-04 19:55:53,444 INFO views Created mortgage entry: 1
2025-04-04 19:56:08,191 INFO views Fetched mortgage list
2025-04-04 19:58:47,871 INFO views Fetched mortgage details for ID 1
2025-04-04 20:01:00,865 INFO views Fetched mortgage details for ID 1
2025-04-04 20:01:34,246 INFO views Fetched mortgage details for ID 1
2025-04-04 20:07:29,426 INFO views Fetched mortgage details for ID 1
2025-04-04 20:07:48,764 INFO views Fetched mortgage details for ID 1
2025-04-04 20:11:15,951 INFO views Fetched mortgage details for ID 1
2025-04-04 20:11:23,649 INFO views Updated mortgage ID 1
2025-04-04 20:12:12,661 INFO views Created mortgage entry: 2
2025-04-04 20:13:05,100 INFO views Fetched mortgage list
2025-04-04 20:13:55,627 INFO views Fetched mortgage details for ID 2
2025-04-04 20:15:04,170 INFO views Fetched mortgage details for ID 2
2025-04-04 20:19:57,603 INFO views Fetched mortgage details for ID 2
2025-04-04 20:21:36,075 INFO views Fetched mortgage details for ID 2
2025-04-04 20:21:54,777 INFO views Deleted mortgage ID 2
2025-04-04 20:23:20,766 INFO views Fetched mortgage list
2025-04-04 20:23:27,921 INFO views Deleted mortgage ID 1
2025-04-05 06:42:55,950 INFO views Fetched mortgage list
2025-04-05 06:42:56,015 INFO views Fetched mortgage list
2025-04-05 06:44:08,088 INFO views Fetched mortgage list
2025-04-05 06:55:26,635 INFO views Fetched mortgage list
2025-04-05 06:55:26,664 INFO views Fetched mortgage list
2025-04-05 06:56:20,850 INFO views Fetched mortgage list
2025-04-05 06:57:33,579 INFO views Fetched mortgage list
2025-04-05 06:59:27,812 INFO views Fetched mortgage list
2025-04-05 06:59:27,851 INFO views Fetched mortgage list
2025-04-05 06:59:53,190 INFO views Fetched mortgage list
2025-04-05 07:06:29,900 INFO views Fetched mortgage list
2025-04-05 07:06:29,933 INFO views Fetched mortgage list
2025-04-05 07:06:58,427 INFO views Created mortgage entry: 3
2025-04-05 07:06:58,469 INFO views Fetched mortgage list
2025-04-05 07:14:13,714 INFO views Fetched mortgage list
2025-04-05 07:14:48,281 INFO views Updated mortgage ID 3
2025-04-05 07:14:48,407 INFO views Fetched mortgage list
2025-04-05 07:14:59,570 INFO views Deleted mortgage ID 3
2025-04-05 07:14:59,596 INFO views Fetched mortgage list
2025-04-05 08:06:49,756 INFO views Fetched mortgage list
2025-04-05 08:06:49,840 INFO views Fetched mortgage list
2025-04-05 08:07:31,609 INFO views Created mortgage entry: 4
2025-04-05 08:08:20,181 INFO views Fetched mortgage list
2025-04-05 08:08:20,238 INFO views Fetched mortgage list
2025-04-05 08:09:00,785 INFO views Updated mortgage ID 4
2025-04-05 08:10:03,576 INFO views Fetched mortgage list
2025-04-05 08:10:03,638 INFO views Fetched mortgage list
2025-04-05 08:10:41,233 INFO views Updated mortgage ID 4
2025-04-05 08:12:00,719 INFO views Fetched mortgage list
2025-04-05 08:12:00,744 INFO views Fetched mortgage list
2025-04-05 08:12:23,119 INFO views Updated mortgage ID 4
2025-04-05 08:12:57,561 INFO views Fetched mortgage list
2025-04-05 08:12:57,591 INFO views Fetched mortgage list
2025-04-05 08:13:14,280 INFO views Updated mortgage ID 4
2025-04-05 08:13:14,360 INFO views Fetched mortgage list
2025-04-05 08:13:27,913 INFO views Updated mortgage ID 4
2025-04-05 08:13:27,979 INFO views Fetched mortgage list
2025-04-05 08:15:41,851 INFO views Created mortgage entry: 5
2025-04-05 08:15:41,919 INFO views Fetched mortgage list
2025-04-05 08:28:59,084 INFO views Fetched mortgage list
2025-04-05 08:28:59,153 INFO views Fetched mortgage list
2025-04-05 08:31:58,075 INFO views Fetched mortgage list
2025-04-05 08:40:51,313 INFO views Fetched mortgage list
2025-04-05 08:40:51,338 INFO views Fetched mortgage list
2025-04-05 08:41:47,168 INFO views Created mortgage entry: 6
2025-04-05 08:41:47,263 INFO views Fetched mortgage list
2025-04-05 08:43:27,433 INFO views Created mortgage entry: 7
2025-04-05 08:43:27,536 INFO views Fetched mortgage list
2025-04-05 09:29:38,176 INFO views Fetched mortgage list
2025-04-05 09:29:38,205 INFO views Fetched mortgage list
2025-04-05 09:29:41,098 INFO views Fetched mortgage list
2025-04-05 09:29:41,120 INFO views Fetched mortgage list
2025-04-05 09:32:24,046 INFO views Fetched mortgage list
2025-04-05 09:32:24,108 INFO views Fetched mortgage list
2025-04-05 09:32:59,316 INFO views Created mortgage entry: 1
2025-04-05 09:32:59,405 INFO views Fetched mortgage list
2025-04-05 09:33:40,407 INFO views Updated mortgage ID 1
2025-04-05 09:33:40,535 INFO views Fetched mortgage list
2025-04-05 09:38:42,811 INFO views Fetched mortgage list
2025-04-05 09:38:42,846 INFO views Fetched mortgage list
2025-04-05 09:39:01,063 INFO views Fetched mortgage list
2025-04-05 09:39:36,496 INFO views Fetched mortgage list
2025-04-05 09:42:58,296 INFO views Updated mortgage ID 1
2025-04-05 09:42:58,396 INFO views Fetched mortgage list
2025-04-05 09:44:40,224 INFO views Fetched mortgage list
2025-04-05 09:44:40,254 INFO views Fetched mortgage list
2025-04-05 09:45:00,531 INFO views Created mortgage entry: 2
2025-04-05 09:45:00,627 INFO views Fetched mortgage list
2025-04-05 09:45:16,979 INFO views Updated mortgage ID 1
2025-04-05 09:45:17,056 INFO views Fetched mortgage list
2025-04-05 09:47:18,805 INFO views Deleted mortgage ID 1
2025-04-05 09:47:18,851 INFO views Fetched mortgage list
2025-04-05 09:58:10,782 INFO views Fetched mortgage list
2025-04-05 09:58:10,801 INFO views Fetched mortgage list
2025-04-05 09:58:17,736 INFO views Updated mortgage ID 2
2025-04-05 09:58:17,836 INFO views Fetched mortgage list
2025-04-05 09:59:02,689 INFO views Updated mortgage ID 2
2025-04-05 09:59:02,725 INFO views Fetched mortgage list
2025-04-05 09:59:10,167 INFO views Updated mortgage ID 2
2025-04-05 09:59:10,199 INFO views Fetched mortgage list
2025-04-05 09:59:46,011 INFO views Created mortgage entry: 3
2025-04-05 09:59:46,042 INFO views Fetched mortgage list
2025-04-05 10:09:38,161 WARNING views Validation errors: {'credit_score': 'Credit score must be between 300 and 850.'}
2025-04-05 10:16:04,464 INFO views Fetched mortgage list
2025-04-05 10:16:50,475 WARNING views Validation errors: {'credit_score': 'Credit score must be between 300 and 850.'}
2025-04-05 10:16:50,478 INFO views Created mortgage entry: 1
2025-04-05 10:16:50,480 INFO views Deleted mortgage ID 1
2025-04-05 10:16:50,482 INFO views Fetched mortgage list
2025-04-05 10:16:50,483 ERROR views Mortgage ID 999 not found
2025-04-05 10:16:50,485 INFO views Updated mortgage ID 1
